d:\visual_studio_projects\fastrobust\generalfunction\release\generalfunction.pdb
d:\visual_studio_projects\fastrobust\generalfunction\release\stdafx.obj
d:\visual_studio_projects\fastrobust\generalfunction\release\patch.obj
d:\visual_studio_projects\fastrobust\generalfunction\release\indextable.obj
d:\visual_studio_projects\fastrobust\generalfunction\release\imageutility.obj
d:\visual_studio_projects\fastrobust\generalfunction\release\image.obj
d:\visual_studio_projects\fastrobust\generalfunction\release\hip.obj
d:\visual_studio_projects\fastrobust\generalfunction\release\generaldatatype.obj
d:\visual_studio_projects\fastrobust\generalfunction\release\feature.obj
d:\visual_studio_projects\fastrobust\generalfunction\release\fast9.obj
d:\visual_studio_projects\fastrobust\generalfunction\release\descriptor.obj
d:\visual_studio_projects\fastrobust\generalfunction\release\database.obj
d:\visual_studio_projects\fastrobust\generalfunction\release\bininfo.obj
d:\visual_studio_projects\fastrobust\release\generalfunction.lib
d:\visual_studio_projects\fastrobust\generalfunction\release\generalfunction.tlog\cl.command.1.tlog
d:\visual_studio_projects\fastrobust\generalfunction\release\generalfunction.tlog\cl.read.1.tlog
d:\visual_studio_projects\fastrobust\generalfunction\release\generalfunction.tlog\cl.write.1.tlog
d:\visual_studio_projects\fastrobust\generalfunction\release\generalfunction.tlog\lib-link.read.1.tlog
d:\visual_studio_projects\fastrobust\generalfunction\release\generalfunction.tlog\lib-link.write.1.tlog
d:\visual_studio_projects\fastrobust\generalfunction\release\generalfunction.tlog\lib.command.1.tlog
