  ATANCamera.cc
  CameraPose.cc
  CameraPoseARToolKit.cc
src\CameraPoseARToolKit.cc(22): warning C4101: 'prev_conv': unreferenced local variable
  cmphomo.cc
  FastRobustMatching.cpp
d:\include\opencv\cvcompat.h(803): warning C4819: The file contains a character that cannot be represented in the current code page (949). Save the file in Unicode format to prevent data loss
src\FastRobustMatching.cpp(232): warning C4244: 'argument': conversion from 'TooN::DefaultPrecision' to 'int', possible loss of data
src\FastRobustMatching.cpp(233): warning C4244: 'argument': conversion from 'TooN::DefaultPrecision' to 'int', possible loss of data
src\FastRobustMatching.cpp(244): warning C4244: 'argument': conversion from 'TooN::DefaultPrecision' to 'int', possible loss of data
src\FastRobustMatching.cpp(245): warning C4244: 'argument': conversion from 'TooN::DefaultPrecision' to 'int', possible loss of data
  Homography.cc
src\Homography.cc(34): warning C4101: 'error': unreferenced local variable
src\Homography.cc(116): warning C4101: 'error': unreferenced local variable
src\Homography.cc(295): warning C4101: 'error': unreferenced local variable
  ImagePyramid.cpp
d:\include\opencv\cvcompat.h(803): warning C4819: The file contains a character that cannot be represented in the current code page (949). Save the file in Unicode format to prevent data loss
  Match.cpp
d:\include\opencv\cvcompat.h(803): warning C4819: The file contains a character that cannot be represented in the current code page (949). Save the file in Unicode format to prevent data loss
src\Match.cpp(88): warning C4101: 'time': unreferenced local variable
  MatchDescriptor.cpp
d:\include\opencv\cvcompat.h(803): warning C4819: The file contains a character that cannot be represented in the current code page (949). Save the file in Unicode format to prevent data loss
  MatchTestFunc.cpp
d:\include\opencv\cvcompat.h(803): warning C4819: The file contains a character that cannot be represented in the current code page (949). Save the file in Unicode format to prevent data loss
  MatchingEngine.vcxproj -> D:\Visual_Studio_Projects\FastRobust\Release\MatchingEngine.lib
